This file contains any messages produced by compilers while
running configure, to aid debugging if configure makes a mistake.

It was created by Protocol Buffers configure 3.13.0, which was
generated by GNU Autoconf 2.69.  Invocation command line was

  $ ./configure --prefix=/usr/local/protobuf

## --------- ##
## Platform. ##
## --------- ##

hostname = yepingbaideMacBook-Pro.local
uname -m = x86_64
uname -r = 19.4.0
uname -s = Darwin
uname -v = Darwin Kernel Version 19.4.0: Wed Mar  4 22:28:40 PST 2020; root:xnu-6153.101.6~15/RELEASE_X86_64

/usr/bin/uname -p = i386
/bin/uname -X     = unknown

/bin/arch              = unknown
/usr/bin/arch -k       = unknown
/usr/convex/getsysinfo = unknown
/usr/bin/hostinfo      = Mach kernel version:
	 Darwin Kernel Version 19.4.0: Wed Mar  4 22:28:40 PST 2020; root:xnu-6153.101.6~15/RELEASE_X86_64
Kernel configured for up to 8 processors.
4 processors are physically available.
8 processors are logically available.
Processor type: x86_64h (Intel x86-64h Haswell)
Processors active: 0 1 2 3 4 5 6 7
Primary memory available: 8.00 gigabytes
Default processor set: 463 tasks, 2928 threads, 8 processors
Load average: 2.61, Mach factor: 5.38
/bin/machine           = unknown
/usr/bin/oslevel       = unknown
/bin/universe          = unknown

PATH: /Users/yep/code/project/independent/Hpage/utils/apache-tomcat-9.0.21/bin
PATH: /Users/yep/.BCloud/bin
PATH: /Users/yep/.nvm/versions/node/v11.12.0/bin
PATH: /Users/yep/anaconda3/envs/py2/bin
PATH: /Users/yep/anaconda3/condabin
PATH: /usr/local/bin
PATH: /usr/bin
PATH: /bin
PATH: /usr/sbin
PATH: /sbin
PATH: /Library/TeX/texbin
PATH: /Library/Apple/usr/bin
PATH: /Applications/Wireshark.app/Contents/MacOS


## ----------- ##
## Core tests. ##
## ----------- ##

configure:2621: checking whether to enable maintainer-specific portions of Makefiles
configure:2630: result: yes
configure:2705: checking build system type
configure:2719: result: x86_64-apple-darwin19.4.0
configure:2739: checking host system type
configure:2752: result: x86_64-apple-darwin19.4.0
configure:2772: checking target system type
configure:2785: result: x86_64-apple-darwin19.4.0
configure:2828: checking for a BSD-compatible install
configure:2896: result: /usr/bin/install -c
configure:2907: checking whether build environment is sane
configure:2962: result: yes
configure:3113: checking for a thread-safe mkdir -p
configure:3152: result: ./install-sh -c -d
configure:3159: checking for gawk
configure:3189: result: no
configure:3159: checking for mawk
configure:3189: result: no
configure:3159: checking for nawk
configure:3189: result: no
configure:3159: checking for awk
configure:3175: found /usr/bin/awk
configure:3186: result: awk
configure:3197: checking whether make sets $(MAKE)
configure:3219: result: yes
configure:3248: checking whether make supports nested variables
configure:3265: result: yes
configure:3354: checking whether UID '501' is supported by ustar format
configure:3357: result: yes
configure:3364: checking whether GID '20' is supported by ustar format
configure:3367: result: yes
configure:3375: checking how to create a ustar tar archive
configure:3386: tar --version
bsdtar 3.3.2 - libarchive 3.3.2 zlib/1.2.11 liblzma/5.0.5 bz2lib/1.0.6
configure:3389: $? = 0
configure:3429: tardir=conftest.dir && eval tar --format=ustar -chf - "$tardir" >conftest.tar
configure:3432: $? = 0
configure:3436: tar -xf - <conftest.tar
configure:3439: $? = 0
configure:3441: cat conftest.dir/file
GrepMe
configure:3444: $? = 0
configure:3457: result: gnutar
configure:3522: checking whether make supports nested variables
configure:3539: result: yes
configure:3632: checking for gcc
configure:3648: found /usr/bin/gcc
configure:3659: result: gcc
configure:3888: checking for C compiler version
configure:3897: gcc --version >&5
Apple clang version 11.0.0 (clang-1100.0.33.12)
Target: x86_64-apple-darwin19.4.0
Thread model: posix
InstalledDir: /Library/Developer/CommandLineTools/usr/bin
Configured with: --prefix=/Library/Developer/CommandLineTools/usr --with-gxx-include-dir=/Library/Developer/CommandLineTools/SDKs/MacOSX.sdk/usr/include/c++/4.2.1
configure:3908: $? = 0
configure:3897: gcc -v >&5
Configured with: --prefix=/Library/Developer/CommandLineTools/usr --with-gxx-include-dir=/Library/Developer/CommandLineTools/SDKs/MacOSX.sdk/usr/include/c++/4.2.1
Apple clang version 11.0.0 (clang-1100.0.33.12)
Target: x86_64-apple-darwin19.4.0
Thread model: posix
InstalledDir: /Library/Developer/CommandLineTools/usr/bin
configure:3908: $? = 0
configure:3897: gcc -V >&5
clang: error: unsupported option '-V -Wno-framework-include-private-from-public'
clang: error: no input files
configure:3908: $? = 1
configure:3897: gcc -qversion >&5
clang: error: unknown argument '-qversion', did you mean '--version'?
clang: error: no input files
configure:3908: $? = 1
configure:3928: checking whether the C compiler works
configure:3950: gcc    conftest.c  >&5
configure:3954: $? = 0
configure:4002: result: yes
configure:4005: checking for C compiler default output file name
configure:4007: result: a.out
configure:4013: checking for suffix of executables
configure:4020: gcc -o conftest    conftest.c  >&5
configure:4024: $? = 0
configure:4046: result: 
configure:4068: checking whether we are cross compiling
configure:4076: gcc -o conftest    conftest.c  >&5
configure:4080: $? = 0
configure:4087: ./conftest
configure:4091: $? = 0
configure:4106: result: no
configure:4111: checking for suffix of object files
configure:4133: gcc -c   conftest.c >&5
configure:4137: $? = 0
configure:4158: result: o
configure:4162: checking whether we are using the GNU C compiler
configure:4181: gcc -c   conftest.c >&5
configure:4181: $? = 0
configure:4190: result: yes
configure:4199: checking whether gcc accepts -g
configure:4219: gcc -c -g  conftest.c >&5
configure:4219: $? = 0
configure:4260: result: yes
configure:4277: checking for gcc option to accept ISO C89
configure:4340: gcc  -c   conftest.c >&5
configure:4340: $? = 0
configure:4353: result: none needed
configure:4378: checking whether gcc understands -c and -o together
configure:4400: gcc -c conftest.c -o conftest2.o
configure:4403: $? = 0
configure:4400: gcc -c conftest.c -o conftest2.o
configure:4403: $? = 0
configure:4415: result: yes
configure:4435: checking whether make supports the include directive
configure:4450: make -f confmf.GNU && cat confinc.out
this is the am__doit target
configure:4453: $? = 0
configure:4472: result: yes (GNU style)
configure:4497: checking dependency style of gcc
configure:4608: result: gcc3
configure:4681: checking for g++
configure:4697: found /usr/bin/g++
configure:4708: result: g++
configure:4735: checking for C++ compiler version
configure:4744: g++ --version >&5
Apple clang version 11.0.0 (clang-1100.0.33.12)
Target: x86_64-apple-darwin19.4.0
Thread model: posix
InstalledDir: /Library/Developer/CommandLineTools/usr/bin
Configured with: --prefix=/Library/Developer/CommandLineTools/usr --with-gxx-include-dir=/Library/Developer/CommandLineTools/SDKs/MacOSX.sdk/usr/include/c++/4.2.1
configure:4755: $? = 0
configure:4744: g++ -v >&5
Configured with: --prefix=/Library/Developer/CommandLineTools/usr --with-gxx-include-dir=/Library/Developer/CommandLineTools/SDKs/MacOSX.sdk/usr/include/c++/4.2.1
Apple clang version 11.0.0 (clang-1100.0.33.12)
Target: x86_64-apple-darwin19.4.0
Thread model: posix
InstalledDir: /Library/Developer/CommandLineTools/usr/bin
configure:4755: $? = 0
configure:4744: g++ -V >&5
clang: error: unsupported option '-V -Wno-framework-include-private-from-public'
clang: error: no input files
configure:4755: $? = 1
configure:4744: g++ -qversion >&5
clang: error: unknown argument '-qversion', did you mean '--version'?
clang: error: no input files
configure:4755: $? = 1
configure:4759: checking whether we are using the GNU C++ compiler
configure:4778: g++ -c   conftest.cpp >&5
configure:4778: $? = 0
configure:4787: result: yes
configure:4796: checking whether g++ accepts -g
configure:4816: g++ -c -g  conftest.cpp >&5
configure:4816: $? = 0
configure:4857: result: yes
configure:4882: checking dependency style of g++
configure:4993: result: gcc3
configure:5013: checking how to run the C preprocessor
configure:5044: gcc -E  conftest.c
configure:5044: $? = 0
configure:5058: gcc -E  conftest.c
conftest.c:11:10: fatal error: 'ac_nonexistent.h' file not found
#include <ac_nonexistent.h>
         ^~~~~~~~~~~~~~~~~~
1 error generated.
configure:5058: $? = 1
configure: failed program was:
| /* confdefs.h */
| #define PACKAGE_NAME "Protocol Buffers"
| #define PACKAGE_TARNAME "protobuf"
| #define PACKAGE_VERSION "3.13.0"
| #define PACKAGE_STRING "Protocol Buffers 3.13.0"
| #define PACKAGE_BUGREPORT "protobuf@googlegroups.com"
| #define PACKAGE_URL ""
| #define PACKAGE "protobuf"
| #define VERSION "3.13.0"
| /* end confdefs.h.  */
| #include <ac_nonexistent.h>
configure:5083: result: gcc -E
configure:5103: gcc -E  conftest.c
configure:5103: $? = 0
configure:5117: gcc -E  conftest.c
conftest.c:11:10: fatal error: 'ac_nonexistent.h' file not found
#include <ac_nonexistent.h>
         ^~~~~~~~~~~~~~~~~~
1 error generated.
configure:5117: $? = 1
configure: failed program was:
| /* confdefs.h */
| #define PACKAGE_NAME "Protocol Buffers"
| #define PACKAGE_TARNAME "protobuf"
| #define PACKAGE_VERSION "3.13.0"
| #define PACKAGE_STRING "Protocol Buffers 3.13.0"
| #define PACKAGE_BUGREPORT "protobuf@googlegroups.com"
| #define PACKAGE_URL ""
| #define PACKAGE "protobuf"
| #define VERSION "3.13.0"
| /* end confdefs.h.  */
| #include <ac_nonexistent.h>
configure:5201: checking for gcc
configure:5217: found /usr/bin/gcc
configure:5228: result: gcc
configure:5457: checking for C compiler version
configure:5466: gcc --version >&5
Apple clang version 11.0.0 (clang-1100.0.33.12)
Target: x86_64-apple-darwin19.4.0
Thread model: posix
InstalledDir: /Library/Developer/CommandLineTools/usr/bin
Configured with: --prefix=/Library/Developer/CommandLineTools/usr --with-gxx-include-dir=/Library/Developer/CommandLineTools/SDKs/MacOSX.sdk/usr/include/c++/4.2.1
configure:5477: $? = 0
configure:5466: gcc -v >&5
Configured with: --prefix=/Library/Developer/CommandLineTools/usr --with-gxx-include-dir=/Library/Developer/CommandLineTools/SDKs/MacOSX.sdk/usr/include/c++/4.2.1
Apple clang version 11.0.0 (clang-1100.0.33.12)
Target: x86_64-apple-darwin19.4.0
Thread model: posix
InstalledDir: /Library/Developer/CommandLineTools/usr/bin
configure:5477: $? = 0
configure:5466: gcc -V >&5
clang: error: unsupported option '-V -Wno-framework-include-private-from-public'
clang: error: no input files
configure:5477: $? = 1
configure:5466: gcc -qversion >&5
clang: error: unknown argument '-qversion', did you mean '--version'?
clang: error: no input files
configure:5477: $? = 1
configure:5481: checking whether we are using the GNU C compiler
configure:5509: result: yes
configure:5518: checking whether gcc accepts -g
configure:5538: gcc -c   conftest.c >&5
configure:5538: $? = 0
configure:5579: result: yes
configure:5596: checking for gcc option to accept ISO C89
configure:5672: result: none needed
configure:5697: checking whether gcc understands -c and -o together
configure:5734: result: yes
configure:5753: checking dependency style of gcc
configure:5864: result: gcc3
configure:5884: checking how to run the C preprocessor
configure:5915: gcc -E  conftest.c
configure:5915: $? = 0
configure:5929: gcc -E  conftest.c
conftest.c:11:10: fatal error: 'ac_nonexistent.h' file not found
#include <ac_nonexistent.h>
         ^~~~~~~~~~~~~~~~~~
1 error generated.
configure:5929: $? = 1
configure: failed program was:
| /* confdefs.h */
| #define PACKAGE_NAME "Protocol Buffers"
| #define PACKAGE_TARNAME "protobuf"
| #define PACKAGE_VERSION "3.13.0"
| #define PACKAGE_STRING "Protocol Buffers 3.13.0"
| #define PACKAGE_BUGREPORT "protobuf@googlegroups.com"
| #define PACKAGE_URL ""
| #define PACKAGE "protobuf"
| #define VERSION "3.13.0"
| /* end confdefs.h.  */
| #include <ac_nonexistent.h>
configure:5954: result: gcc -E
configure:5974: gcc -E  conftest.c
configure:5974: $? = 0
configure:5988: gcc -E  conftest.c
conftest.c:11:10: fatal error: 'ac_nonexistent.h' file not found
#include <ac_nonexistent.h>
         ^~~~~~~~~~~~~~~~~~
1 error generated.
configure:5988: $? = 1
configure: failed program was:
| /* confdefs.h */
| #define PACKAGE_NAME "Protocol Buffers"
| #define PACKAGE_TARNAME "protobuf"
| #define PACKAGE_VERSION "3.13.0"
| #define PACKAGE_STRING "Protocol Buffers 3.13.0"
| #define PACKAGE_BUGREPORT "protobuf@googlegroups.com"
| #define PACKAGE_URL ""
| #define PACKAGE "protobuf"
| #define VERSION "3.13.0"
| /* end confdefs.h.  */
| #include <ac_nonexistent.h>
configure:6030: checking how to run the C++ preprocessor
configure:6057: g++ -E  conftest.cpp
configure:6057: $? = 0
configure:6071: g++ -E  conftest.cpp
conftest.cpp:11:10: fatal error: 'ac_nonexistent.h' file not found
#include <ac_nonexistent.h>
         ^~~~~~~~~~~~~~~~~~
1 error generated.
configure:6071: $? = 1
configure: failed program was:
| /* confdefs.h */
| #define PACKAGE_NAME "Protocol Buffers"
| #define PACKAGE_TARNAME "protobuf"
| #define PACKAGE_VERSION "3.13.0"
| #define PACKAGE_STRING "Protocol Buffers 3.13.0"
| #define PACKAGE_BUGREPORT "protobuf@googlegroups.com"
| #define PACKAGE_URL ""
| #define PACKAGE "protobuf"
| #define VERSION "3.13.0"
| /* end confdefs.h.  */
| #include <ac_nonexistent.h>
configure:6096: result: g++ -E
configure:6116: g++ -E  conftest.cpp
configure:6116: $? = 0
configure:6130: g++ -E  conftest.cpp
conftest.cpp:11:10: fatal error: 'ac_nonexistent.h' file not found
#include <ac_nonexistent.h>
         ^~~~~~~~~~~~~~~~~~
1 error generated.
configure:6130: $? = 1
configure: failed program was:
| /* confdefs.h */
| #define PACKAGE_NAME "Protocol Buffers"
| #define PACKAGE_TARNAME "protobuf"
| #define PACKAGE_VERSION "3.13.0"
| #define PACKAGE_STRING "Protocol Buffers 3.13.0"
| #define PACKAGE_BUGREPORT "protobuf@googlegroups.com"
| #define PACKAGE_URL ""
| #define PACKAGE "protobuf"
| #define VERSION "3.13.0"
| /* end confdefs.h.  */
| #include <ac_nonexistent.h>
configure:6223: checking for g++
configure:6239: found /usr/bin/g++
configure:6250: result: g++
configure:6277: checking for C++ compiler version
configure:6286: g++ --version >&5
Apple clang version 11.0.0 (clang-1100.0.33.12)
Target: x86_64-apple-darwin19.4.0
Thread model: posix
InstalledDir: /Library/Developer/CommandLineTools/usr/bin
Configured with: --prefix=/Library/Developer/CommandLineTools/usr --with-gxx-include-dir=/Library/Developer/CommandLineTools/SDKs/MacOSX.sdk/usr/include/c++/4.2.1
configure:6297: $? = 0
configure:6286: g++ -v >&5
Configured with: --prefix=/Library/Developer/CommandLineTools/usr --with-gxx-include-dir=/Library/Developer/CommandLineTools/SDKs/MacOSX.sdk/usr/include/c++/4.2.1
Apple clang version 11.0.0 (clang-1100.0.33.12)
Target: x86_64-apple-darwin19.4.0
Thread model: posix
InstalledDir: /Library/Developer/CommandLineTools/usr/bin
configure:6297: $? = 0
configure:6286: g++ -V >&5
clang: error: unsupported option '-V -Wno-framework-include-private-from-public'
clang: error: no input files
configure:6297: $? = 1
configure:6286: g++ -qversion >&5
clang: error: unknown argument '-qversion', did you mean '--version'?
clang: error: no input files
configure:6297: $? = 1
configure:6301: checking whether we are using the GNU C++ compiler
configure:6329: result: yes
configure:6338: checking whether g++ accepts -g
configure:6358: gcc -c   conftest.cpp >&5
configure:6358: $? = 0
configure:6399: result: yes
configure:6424: checking dependency style of g++
configure:6535: result: gcc3
configure:6555: checking how to run the C++ preprocessor
configure:6582: g++ -E  conftest.cpp
configure:6582: $? = 0
configure:6596: g++ -E  conftest.cpp
conftest.cpp:11:10: fatal error: 'ac_nonexistent.h' file not found
#include <ac_nonexistent.h>
         ^~~~~~~~~~~~~~~~~~
1 error generated.
configure:6596: $? = 1
configure: failed program was:
| /* confdefs.h */
| #define PACKAGE_NAME "Protocol Buffers"
| #define PACKAGE_TARNAME "protobuf"
| #define PACKAGE_VERSION "3.13.0"
| #define PACKAGE_STRING "Protocol Buffers 3.13.0"
| #define PACKAGE_BUGREPORT "protobuf@googlegroups.com"
| #define PACKAGE_URL ""
| #define PACKAGE "protobuf"
| #define VERSION "3.13.0"
| /* end confdefs.h.  */
| #include <ac_nonexistent.h>
configure:6621: result: g++ -E
configure:6641: g++ -E  conftest.cpp
configure:6641: $? = 0
configure:6655: g++ -E  conftest.cpp
conftest.cpp:11:10: fatal error: 'ac_nonexistent.h' file not found
#include <ac_nonexistent.h>
         ^~~~~~~~~~~~~~~~~~
1 error generated.
configure:6655: $? = 1
configure: failed program was:
| /* confdefs.h */
| #define PACKAGE_NAME "Protocol Buffers"
| #define PACKAGE_TARNAME "protobuf"
| #define PACKAGE_VERSION "3.13.0"
| #define PACKAGE_STRING "Protocol Buffers 3.13.0"
| #define PACKAGE_BUGREPORT "protobuf@googlegroups.com"
| #define PACKAGE_URL ""
| #define PACKAGE "protobuf"
| #define VERSION "3.13.0"
| /* end confdefs.h.  */
| #include <ac_nonexistent.h>
configure:6697: checking for grep that handles long lines and -e
configure:6755: result: /usr/bin/grep
configure:6760: checking for egrep
configure:6822: result: /usr/bin/grep -E
configure:6827: checking for ANSI C header files
configure:6847: g++ -c   conftest.cpp >&5
configure:6847: $? = 0
configure:6920: g++ -o conftest    conftest.cpp  >&5
configure:6920: $? = 0
configure:6920: ./conftest
configure:6920: $? = 0
configure:6931: result: yes
configure:6944: checking for sys/types.h
configure:6944: g++ -c   conftest.cpp >&5
configure:6944: $? = 0
configure:6944: result: yes
configure:6944: checking for sys/stat.h
configure:6944: g++ -c   conftest.cpp >&5
configure:6944: $? = 0
configure:6944: result: yes
configure:6944: checking for stdlib.h
configure:6944: g++ -c   conftest.cpp >&5
configure:6944: $? = 0
configure:6944: result: yes
configure:6944: checking for string.h
configure:6944: g++ -c   conftest.cpp >&5
configure:6944: $? = 0
configure:6944: result: yes
configure:6944: checking for memory.h
configure:6944: g++ -c   conftest.cpp >&5
configure:6944: $? = 0
configure:6944: result: yes
configure:6944: checking for strings.h
configure:6944: g++ -c   conftest.cpp >&5
configure:6944: $? = 0
configure:6944: result: yes
configure:6944: checking for inttypes.h
configure:6944: g++ -c   conftest.cpp >&5
configure:6944: $? = 0
configure:6944: result: yes
configure:6944: checking for stdint.h
configure:6944: g++ -c   conftest.cpp >&5
configure:6944: $? = 0
configure:6944: result: yes
configure:6944: checking for unistd.h
configure:6944: g++ -c   conftest.cpp >&5
configure:6944: $? = 0
configure:6944: result: yes
configure:6957: checking minix/config.h usability
configure:6957: g++ -c   conftest.cpp >&5
conftest.cpp:54:10: fatal error: 'minix/config.h' file not found
#include <minix/config.h>
         ^~~~~~~~~~~~~~~~
1 error generated.
configure:6957: $? = 1
configure: failed program was:
| /* confdefs.h */
| #define PACKAGE_NAME "Protocol Buffers"
| #define PACKAGE_TARNAME "protobuf"
| #define PACKAGE_VERSION "3.13.0"
| #define PACKAGE_STRING "Protocol Buffers 3.13.0"
| #define PACKAGE_BUGREPORT "protobuf@googlegroups.com"
| #define PACKAGE_URL ""
| #define PACKAGE "protobuf"
| #define VERSION "3.13.0"
| #define STDC_HEADERS 1
| #define HAVE_SYS_TYPES_H 1
| #define HAVE_SYS_STAT_H 1
| #define HAVE_STDLIB_H 1
| #define HAVE_STRING_H 1
| #define HAVE_MEMORY_H 1
| #define HAVE_STRINGS_H 1
| #define HAVE_INTTYPES_H 1
| #define HAVE_STDINT_H 1
| #define HAVE_UNISTD_H 1
| /* end confdefs.h.  */
| #include <stdio.h>
| #ifdef HAVE_SYS_TYPES_H
| # include <sys/types.h>
| #endif
| #ifdef HAVE_SYS_STAT_H
| # include <sys/stat.h>
| #endif
| #ifdef STDC_HEADERS
| # include <stdlib.h>
| # include <stddef.h>
| #else
| # ifdef HAVE_STDLIB_H
| #  include <stdlib.h>
| # endif
| #endif
| #ifdef HAVE_STRING_H
| # if !defined STDC_HEADERS && defined HAVE_MEMORY_H
| #  include <memory.h>
| # endif
| # include <string.h>
| #endif
| #ifdef HAVE_STRINGS_H
| # include <strings.h>
| #endif
| #ifdef HAVE_INTTYPES_H
| # include <inttypes.h>
| #endif
| #ifdef HAVE_STDINT_H
| # include <stdint.h>
| #endif
| #ifdef HAVE_UNISTD_H
| # include <unistd.h>
| #endif
| #include <minix/config.h>
configure:6957: result: no
configure:6957: checking minix/config.h presence
configure:6957: g++ -E  conftest.cpp
conftest.cpp:21:10: fatal error: 'minix/config.h' file not found
#include <minix/config.h>
         ^~~~~~~~~~~~~~~~
1 error generated.
configure:6957: $? = 1
configure: failed program was:
| /* confdefs.h */
| #define PACKAGE_NAME "Protocol Buffers"
| #define PACKAGE_TARNAME "protobuf"
| #define PACKAGE_VERSION "3.13.0"
| #define PACKAGE_STRING "Protocol Buffers 3.13.0"
| #define PACKAGE_BUGREPORT "protobuf@googlegroups.com"
| #define PACKAGE_URL ""
| #define PACKAGE "protobuf"
| #define VERSION "3.13.0"
| #define STDC_HEADERS 1
| #define HAVE_SYS_TYPES_H 1
| #define HAVE_SYS_STAT_H 1
| #define HAVE_STDLIB_H 1
| #define HAVE_STRING_H 1
| #define HAVE_MEMORY_H 1
| #define HAVE_STRINGS_H 1
| #define HAVE_INTTYPES_H 1
| #define HAVE_STDINT_H 1
| #define HAVE_UNISTD_H 1
| /* end confdefs.h.  */
| #include <minix/config.h>
configure:6957: result: no
configure:6957: checking for minix/config.h
configure:6957: result: no
configure:6978: checking whether it is safe to define __EXTENSIONS__
configure:6996: g++ -c   conftest.cpp >&5
configure:6996: $? = 0
configure:7003: result: yes
configure:7072: checking for ar
configure:7088: found /usr/bin/ar
configure:7099: result: ar
configure:7125: checking the archiver (ar) interface
configure:7141: gcc -c   conftest.c >&5
configure:7141: $? = 0
configure:7143: ar cru libconftest.a conftest.o >&5
configure:7146: $? = 0
configure:7174: result: ar
configure:7256: checking for gcc
configure:7272: found /usr/bin/gcc
configure:7283: result: gcc
configure:7308: checking for Objective C compiler version
configure:7317: gcc --version >&5
Apple clang version 11.0.0 (clang-1100.0.33.12)
Target: x86_64-apple-darwin19.4.0
Thread model: posix
InstalledDir: /Library/Developer/CommandLineTools/usr/bin
Configured with: --prefix=/Library/Developer/CommandLineTools/usr --with-gxx-include-dir=/Library/Developer/CommandLineTools/SDKs/MacOSX.sdk/usr/include/c++/4.2.1
configure:7328: $? = 0
configure:7317: gcc -v >&5
Configured with: --prefix=/Library/Developer/CommandLineTools/usr --with-gxx-include-dir=/Library/Developer/CommandLineTools/SDKs/MacOSX.sdk/usr/include/c++/4.2.1
Apple clang version 11.0.0 (clang-1100.0.33.12)
Target: x86_64-apple-darwin19.4.0
Thread model: posix
InstalledDir: /Library/Developer/CommandLineTools/usr/bin
configure:7328: $? = 0
configure:7317: gcc -V >&5
clang: error: unsupported option '-V -Wno-framework-include-private-from-public'
clang: error: no input files
configure:7328: $? = 1
configure:7317: gcc -qversion >&5
clang: error: unknown argument '-qversion', did you mean '--version'?
clang: error: no input files
configure:7328: $? = 1
configure:7332: checking whether we are using the GNU Objective C compiler
configure:7351: gcc -c   conftest.m >&5
configure:7351: $? = 0
configure:7360: result: yes
configure:7369: checking whether gcc accepts -g
configure:7389: gcc -c -g  conftest.m >&5
configure:7389: $? = 0
configure:7430: result: yes
configure:7455: checking dependency style of gcc
configure:7564: result: gcc3
configure:7581: checking C++ compiler flags...
configure:7597: result: use default: -O2  -g -std=c++11 -DNDEBUG
configure:7617: checking whether __SUNPRO_CC is declared
configure:7617: g++ -c  -g -std=c++11 -DNDEBUG  conftest.cpp >&5
conftest.cpp:64:10: error: use of undeclared identifier '__SUNPRO_CC'
  (void) __SUNPRO_CC;
         ^
1 error generated.
configure:7617: $? = 1
configure: failed program was:
| /* confdefs.h */
| #define PACKAGE_NAME "Protocol Buffers"
| #define PACKAGE_TARNAME "protobuf"
| #define PACKAGE_VERSION "3.13.0"
| #define PACKAGE_STRING "Protocol Buffers 3.13.0"
| #define PACKAGE_BUGREPORT "protobuf@googlegroups.com"
| #define PACKAGE_URL ""
| #define PACKAGE "protobuf"
| #define VERSION "3.13.0"
| #define STDC_HEADERS 1
| #define HAVE_SYS_TYPES_H 1
| #define HAVE_SYS_STAT_H 1
| #define HAVE_STDLIB_H 1
| #define HAVE_STRING_H 1
| #define HAVE_MEMORY_H 1
| #define HAVE_STRINGS_H 1
| #define HAVE_INTTYPES_H 1
| #define HAVE_STDINT_H 1
| #define HAVE_UNISTD_H 1
| #define __EXTENSIONS__ 1
| #define _ALL_SOURCE 1
| #define _GNU_SOURCE 1
| #define _POSIX_PTHREAD_SEMANTICS 1
| #define _TANDEM_SOURCE 1
| /* end confdefs.h.  */
| #include <stdio.h>
| #ifdef HAVE_SYS_TYPES_H
| # include <sys/types.h>
| #endif
| #ifdef HAVE_SYS_STAT_H
| # include <sys/stat.h>
| #endif
| #ifdef STDC_HEADERS
| # include <stdlib.h>
| # include <stddef.h>
| #else
| # ifdef HAVE_STDLIB_H
| #  include <stdlib.h>
| # endif
| #endif
| #ifdef HAVE_STRING_H
| # if !defined STDC_HEADERS && defined HAVE_MEMORY_H
| #  include <memory.h>
| # endif
| # include <string.h>
| #endif
| #ifdef HAVE_STRINGS_H
| # include <strings.h>
| #endif
| #ifdef HAVE_INTTYPES_H
| # include <inttypes.h>
| #endif
| #ifdef HAVE_STDINT_H
| # include <stdint.h>
| #endif
| #ifdef HAVE_UNISTD_H
| # include <unistd.h>
| #endif
| int
| main ()
| {
| #ifndef __SUNPRO_CC
| #ifdef __cplusplus
|   (void) __SUNPRO_CC;
| #else
|   (void) __SUNPRO_CC;
| #endif
| #endif
| 
|   ;
|   return 0;
| }
configure:7617: result: no
configure:7786: checking how to print strings
configure:7813: result: printf
configure:7834: checking for a sed that does not truncate output
configure:7898: result: /usr/bin/sed
configure:7916: checking for fgrep
configure:7978: result: /usr/bin/grep -F
configure:8013: checking for ld used by gcc
configure:8080: result: /Library/Developer/CommandLineTools/usr/bin/ld
configure:8087: checking if the linker (/Library/Developer/CommandLineTools/usr/bin/ld) is GNU ld
configure:8102: result: no
configure:8114: checking for BSD- or MS-compatible name lister (nm)
configure:8168: result: /usr/bin/nm -B
configure:8298: checking the name lister (/usr/bin/nm -B) interface
configure:8305: g++ -c  -g -std=c++11 -DNDEBUG  conftest.cpp >&5
configure:8308: /usr/bin/nm -B "conftest.o"
configure:8311: output
0000000000000248 S _some_variable
configure:8318: result: BSD nm
configure:8321: checking whether ln -s works
configure:8325: result: yes
configure:8333: checking the maximum length of command line arguments
configure:8464: result: 196608
configure:8512: checking how to convert x86_64-apple-darwin19.4.0 file names to x86_64-apple-darwin19.4.0 format
configure:8552: result: func_convert_file_noop
configure:8559: checking how to convert x86_64-apple-darwin19.4.0 file names to toolchain format
configure:8579: result: func_convert_file_noop
configure:8586: checking for /Library/Developer/CommandLineTools/usr/bin/ld option to reload object files
configure:8593: result: -r
configure:8667: checking for objdump
configure:8683: found /usr/bin/objdump
configure:8694: result: objdump
configure:8726: checking how to recognize dependent libraries
configure:8926: result: pass_all
configure:9011: checking for dlltool
configure:9041: result: no
configure:9071: checking how to associate runtime and link libraries
configure:9098: result: printf %s\n
configure:9222: checking for archiver @FILE support
configure:9239: g++ -c  -g -std=c++11 -DNDEBUG  conftest.cpp >&5
configure:9239: $? = 0
configure:9242: ar cr libconftest.a @conftest.lst >&5
ar: @conftest.lst: No such file or directory
configure:9245: $? = 1
configure:9265: result: no
configure:9323: checking for strip
configure:9339: found /usr/bin/strip
configure:9350: result: strip
configure:9422: checking for ranlib
configure:9438: found /usr/bin/ranlib
configure:9449: result: ranlib
configure:9551: checking command to parse /usr/bin/nm -B output from gcc object
configure:9704: g++ -c  -g -std=c++11 -DNDEBUG  conftest.cpp >&5
configure:9707: $? = 0
configure:9711: /usr/bin/nm -B conftest.o | sed -n -e 's/^.*[	 ]\([BCDEGRST][BCDEGRST]*\)[	 ][	 ]*\([_A-Za-z][_A-Za-z0-9]*\)$/\1 \2 \2/p' | sed '/ __gnu_lto/d' > conftest.nm
cannot find nm_test_var in conftest.nm
configure:9704: g++ -c  -g -std=c++11 -DNDEBUG  conftest.cpp >&5
configure:9707: $? = 0
configure:9711: /usr/bin/nm -B conftest.o | sed -n -e 's/^.*[	 ]\([BCDEGRST][BCDEGRST]*\)[	 ][	 ]*_\([_A-Za-z][_A-Za-z0-9]*\)$/\1 _\2 \2/p' | sed '/ __gnu_lto/d' > conftest.nm
configure:9777: g++ -o conftest  -g -std=c++11 -DNDEBUG   conftest.cpp conftstm.o >&5
configure:9780: $? = 0
configure:9818: result: ok
configure:9865: checking for sysroot
configure:9895: result: no
configure:9902: checking for a working dd
configure:9940: result: /bin/dd
configure:9944: checking how to truncate binary pipes
configure:9959: result: /bin/dd bs=4096 count=1
configure:10288: checking for mt
configure:10318: result: no
configure:10338: checking if : is a manifest tool
configure:10344: : '-?'
configure:10352: result: no
configure:10408: checking for dsymutil
configure:10424: found /usr/bin/dsymutil
configure:10435: result: dsymutil
configure:10500: checking for nmedit
configure:10516: found /usr/bin/nmedit
configure:10527: result: nmedit
configure:10592: checking for lipo
configure:10608: found /usr/bin/lipo
configure:10619: result: lipo
configure:10684: checking for otool
configure:10700: found /usr/bin/otool
configure:10711: result: otool
configure:10776: checking for otool64
configure:10806: result: no
configure:10851: checking for -single_module linker flag
gcc   -o libconftest.dylib -dynamiclib -Wl,-single_module conftest.c
configure:10884: result: yes
configure:10887: checking for -exported_symbols_list linker flag
configure:10907: g++ -o conftest  -g -std=c++11 -DNDEBUG   -Wl,-exported_symbols_list,conftest.sym conftest.cpp  >&5
configure:10907: $? = 0
configure:10917: result: yes
configure:10920: checking for -force_load linker flag
gcc  -c -o conftest.o conftest.c
ar cr libconftest.a conftest.o
ranlib libconftest.a
gcc   -o conftest conftest.c -Wl,-force_load,./libconftest.a
configure:10952: result: yes
configure:11026: checking for dlfcn.h
configure:11026: g++ -c  -g -std=c++11 -DNDEBUG  conftest.cpp >&5
configure:11026: $? = 0
configure:11026: result: yes
configure:11292: checking for objdir
configure:11307: result: .libs
configure:11571: checking if gcc supports -fno-rtti -fno-exceptions
configure:11589: gcc -c   -fno-rtti -fno-exceptions conftest.c >&5
configure:11593: $? = 0
configure:11606: result: yes
configure:11970: checking for gcc option to produce PIC
configure:11977: result: -fno-common -DPIC
configure:11985: checking if gcc PIC flag -fno-common -DPIC works
configure:12003: gcc -c   -fno-common -DPIC -DPIC conftest.c >&5
configure:12007: $? = 0
configure:12020: result: yes
configure:12049: checking if gcc static flag -static works
configure:12077: result: no
configure:12092: checking if gcc supports -c -o file.o
configure:12113: gcc -c   -o out/conftest2.o conftest.c >&5
configure:12117: $? = 0
configure:12139: result: yes
configure:12147: checking if gcc supports -c -o file.o
configure:12194: result: yes
configure:12227: checking whether the gcc linker (/Library/Developer/CommandLineTools/usr/bin/ld) supports shared libraries
configure:13490: result: yes
configure:13730: checking dynamic linker characteristics
configure:14560: result: darwin19.4.0 dyld
configure:14682: checking how to hardcode library paths into programs
configure:14707: result: immediate
configure:15255: checking whether stripping libraries is possible
configure:15269: result: yes
configure:15295: checking if libtool supports shared libraries
configure:15297: result: yes
configure:15300: checking whether to build shared libraries
configure:15325: result: yes
configure:15328: checking whether to build static libraries
configure:15332: result: yes
configure:15355: checking how to run the C++ preprocessor
configure:15421: result: g++ -E
configure:15441: g++ -E  conftest.cpp
configure:15441: $? = 0
configure:15455: g++ -E  conftest.cpp
conftest.cpp:28:10: fatal error: 'ac_nonexistent.h' file not found
#include <ac_nonexistent.h>
         ^~~~~~~~~~~~~~~~~~
1 error generated.
configure:15455: $? = 1
configure: failed program was:
| /* confdefs.h */
| #define PACKAGE_NAME "Protocol Buffers"
| #define PACKAGE_TARNAME "protobuf"
| #define PACKAGE_VERSION "3.13.0"
| #define PACKAGE_STRING "Protocol Buffers 3.13.0"
| #define PACKAGE_BUGREPORT "protobuf@googlegroups.com"
| #define PACKAGE_URL ""
| #define PACKAGE "protobuf"
| #define VERSION "3.13.0"
| #define STDC_HEADERS 1
| #define HAVE_SYS_TYPES_H 1
| #define HAVE_SYS_STAT_H 1
| #define HAVE_STDLIB_H 1
| #define HAVE_STRING_H 1
| #define HAVE_MEMORY_H 1
| #define HAVE_STRINGS_H 1
| #define HAVE_INTTYPES_H 1
| #define HAVE_STDINT_H 1
| #define HAVE_UNISTD_H 1
| #define __EXTENSIONS__ 1
| #define _ALL_SOURCE 1
| #define _GNU_SOURCE 1
| #define _POSIX_PTHREAD_SEMANTICS 1
| #define _TANDEM_SOURCE 1
| #define HAVE_DLFCN_H 1
| #define LT_OBJDIR ".libs/"
| /* end confdefs.h.  */
| #include <ac_nonexistent.h>
configure:15617: checking for ld used by g++
configure:15684: result: /Library/Developer/CommandLineTools/usr/bin/ld
configure:15691: checking if the linker (/Library/Developer/CommandLineTools/usr/bin/ld) is GNU ld
configure:15706: result: no
configure:15761: checking whether the g++ linker (/Library/Developer/CommandLineTools/usr/bin/ld) supports shared libraries
configure:16834: result: yes
configure:16870: g++ -c  -g -std=c++11 -DNDEBUG  conftest.cpp >&5
configure:16873: $? = 0
configure:17354: checking for g++ option to produce PIC
configure:17361: result: -fno-common -DPIC
configure:17369: checking if g++ PIC flag -fno-common -DPIC works
configure:17387: g++ -c  -g -std=c++11 -DNDEBUG  -fno-common -DPIC -DPIC conftest.cpp >&5
configure:17391: $? = 0
configure:17404: result: yes
configure:17427: checking if g++ static flag -static works
configure:17455: result: no
configure:17467: checking if g++ supports -c -o file.o
configure:17488: g++ -c  -g -std=c++11 -DNDEBUG  -o out/conftest2.o conftest.cpp >&5
configure:17492: $? = 0
configure:17514: result: yes
configure:17519: checking if g++ supports -c -o file.o
configure:17566: result: yes
configure:17596: checking whether the g++ linker (/Library/Developer/CommandLineTools/usr/bin/ld) supports shared libraries
configure:17639: result: yes
configure:17780: checking dynamic linker characteristics
configure:18537: result: darwin19.4.0 dyld
configure:18602: checking how to hardcode library paths into programs
configure:18627: result: immediate
configure:18690: checking whether the linker supports version scripts
configure:18706: g++ -o conftest  -g -std=c++11 -DNDEBUG   -Wl,--version-script=conftest.map conftest.cpp  >&5
ld: unknown option: --version-script=conftest.map
clang: error: linker command failed with exit code 1 (use -v to see invocation)
configure:18706: $? = 1
configure: failed program was:
| /* confdefs.h */
| #define PACKAGE_NAME "Protocol Buffers"
| #define PACKAGE_TARNAME "protobuf"
| #define PACKAGE_VERSION "3.13.0"
| #define PACKAGE_STRING "Protocol Buffers 3.13.0"
| #define PACKAGE_BUGREPORT "protobuf@googlegroups.com"
| #define PACKAGE_URL ""
| #define PACKAGE "protobuf"
| #define VERSION "3.13.0"
| #define STDC_HEADERS 1
| #define HAVE_SYS_TYPES_H 1
| #define HAVE_SYS_STAT_H 1
| #define HAVE_STDLIB_H 1
| #define HAVE_STRING_H 1
| #define HAVE_MEMORY_H 1
| #define HAVE_STRINGS_H 1
| #define HAVE_INTTYPES_H 1
| #define HAVE_STDINT_H 1
| #define HAVE_UNISTD_H 1
| #define __EXTENSIONS__ 1
| #define _ALL_SOURCE 1
| #define _GNU_SOURCE 1
| #define _POSIX_PTHREAD_SEMANTICS 1
| #define _TANDEM_SOURCE 1
| #define HAVE_DLFCN_H 1
| #define LT_OBJDIR ".libs/"
| /* end confdefs.h.  */
| int main() { return 0; }
configure:18710: result: no
configure:18726: checking for ANSI C header files
configure:18830: result: yes
configure:18841: checking fcntl.h usability
configure:18841: g++ -c  -g -std=c++11 -DNDEBUG  conftest.cpp >&5
configure:18841: $? = 0
configure:18841: result: yes
configure:18841: checking fcntl.h presence
configure:18841: g++ -E  conftest.cpp
configure:18841: $? = 0
configure:18841: result: yes
configure:18841: checking for fcntl.h
configure:18841: result: yes
configure:18841: checking for inttypes.h
configure:18841: result: yes
configure:18841: checking limits.h usability
configure:18841: g++ -c  -g -std=c++11 -DNDEBUG  conftest.cpp >&5
configure:18841: $? = 0
configure:18841: result: yes
configure:18841: checking limits.h presence
configure:18841: g++ -E  conftest.cpp
configure:18841: $? = 0
configure:18841: result: yes
configure:18841: checking for limits.h
configure:18841: result: yes
configure:18841: checking for stdlib.h
configure:18841: result: yes
configure:18841: checking for unistd.h
configure:18841: result: yes
configure:18853: checking for working memcmp
configure:18896: g++ -o conftest  -g -std=c++11 -DNDEBUG   conftest.cpp  >&5
configure:18896: $? = 0
configure:18896: ./conftest
configure:18896: $? = 0
configure:18906: result: yes
configure:18915: checking for working strtod
configure:18956: g++ -o conftest  -g -std=c++11 -DNDEBUG   conftest.cpp  >&5
conftest.cpp:76:20: warning: ISO C++11 does not allow conversion from string literal to 'char *' [-Wwritable-strings]
    char *string = " +69";
                   ^
conftest.cpp:87:20: warning: ISO C++11 does not allow conversion from string literal to 'char *' [-Wwritable-strings]
    char *string = "NaN";
                   ^
2 warnings generated.
configure:18956: $? = 0
configure:18956: ./conftest
configure:18956: $? = 0
configure:18966: result: yes
configure:19031: checking for ftruncate
configure:19031: g++ -o conftest  -g -std=c++11 -DNDEBUG   conftest.cpp  >&5
configure:19031: $? = 0
configure:19031: result: yes
configure:19031: checking for memset
configure:19031: g++ -o conftest  -g -std=c++11 -DNDEBUG   conftest.cpp  >&5
configure:19031: $? = 0
configure:19031: result: yes
configure:19031: checking for mkdir
configure:19031: g++ -o conftest  -g -std=c++11 -DNDEBUG   conftest.cpp  >&5
configure:19031: $? = 0
configure:19031: result: yes
configure:19031: checking for strchr
configure:19031: g++ -o conftest  -g -std=c++11 -DNDEBUG   conftest.cpp  >&5
configure:19031: $? = 0
configure:19031: result: yes
configure:19031: checking for strerror
configure:19031: g++ -o conftest  -g -std=c++11 -DNDEBUG   conftest.cpp  >&5
configure:19031: $? = 0
configure:19031: result: yes
configure:19031: checking for strtol
configure:19031: g++ -o conftest  -g -std=c++11 -DNDEBUG   conftest.cpp  >&5
configure:19031: $? = 0
configure:19031: result: yes
configure:19045: checking zlib version
configure:19065: g++ -c  -g -std=c++11 -DNDEBUG  conftest.cpp >&5
configure:19065: $? = 0
configure:19067: result: ok (1.2.0.4 or later)
configure:19071: checking for library containing zlibVersion
configure:19102: g++ -o conftest  -g -std=c++11 -DNDEBUG   conftest.cpp  >&5
Undefined symbols for architecture x86_64:
  "_zlibVersion", referenced from:
      _main in conftest-f2d9a9.o
ld: symbol(s) not found for architecture x86_64
clang: error: linker command failed with exit code 1 (use -v to see invocation)
configure:19102: $? = 1
configure: failed program was:
| /* confdefs.h */
| #define PACKAGE_NAME "Protocol Buffers"
| #define PACKAGE_TARNAME "protobuf"
| #define PACKAGE_VERSION "3.13.0"
| #define PACKAGE_STRING "Protocol Buffers 3.13.0"
| #define PACKAGE_BUGREPORT "protobuf@googlegroups.com"
| #define PACKAGE_URL ""
| #define PACKAGE "protobuf"
| #define VERSION "3.13.0"
| #define STDC_HEADERS 1
| #define HAVE_SYS_TYPES_H 1
| #define HAVE_SYS_STAT_H 1
| #define HAVE_STDLIB_H 1
| #define HAVE_STRING_H 1
| #define HAVE_MEMORY_H 1
| #define HAVE_STRINGS_H 1
| #define HAVE_INTTYPES_H 1
| #define HAVE_STDINT_H 1
| #define HAVE_UNISTD_H 1
| #define __EXTENSIONS__ 1
| #define _ALL_SOURCE 1
| #define _GNU_SOURCE 1
| #define _POSIX_PTHREAD_SEMANTICS 1
| #define _TANDEM_SOURCE 1
| #define HAVE_DLFCN_H 1
| #define LT_OBJDIR ".libs/"
| #define STDC_HEADERS 1
| #define HAVE_FCNTL_H 1
| #define HAVE_INTTYPES_H 1
| #define HAVE_LIMITS_H 1
| #define HAVE_STDLIB_H 1
| #define HAVE_UNISTD_H 1
| #define HAVE_FTRUNCATE 1
| #define HAVE_MEMSET 1
| #define HAVE_MKDIR 1
| #define HAVE_STRCHR 1
| #define HAVE_STRERROR 1
| #define HAVE_STRTOL 1
| /* end confdefs.h.  */
| 
| /* Override any GCC internal prototype to avoid an error.
|    Use char because int might match the return type of a GCC
|    builtin and then its argument prototype would still apply.  */
| #ifdef __cplusplus
| extern "C"
| #endif
| char zlibVersion ();
| int
| main ()
| {
| return zlibVersion ();
|   ;
|   return 0;
| }
configure:19102: g++ -o conftest  -g -std=c++11 -DNDEBUG   conftest.cpp -lz   >&5
configure:19102: $? = 0
configure:19119: result: -lz
configure:19182: checking whether g++ supports C++11 features by default
configure:19495: g++ -c  -g -std=c++11 -DNDEBUG  conftest.cpp >&5
configure:19495: $? = 0
configure:19502: result: yes
configure:19879: checking whether -latomic is needed
configure:19892: g++ -o conftest  -g -std=c++11 -DNDEBUG   conftest.cpp -lz  >&5
configure:19892: $? = 0
configure:19899: result: no
configure:20122: checking whether gcc is Clang
configure:20147: result: yes
configure:20194: checking whether Clang needs flag to prevent "argument unused" warning when linking with -pthread
configure:20219: gcc -o conftest -Werror -Wunknown-warning-option  -pthread    conftest.c -lz  >&5
configure:20219: $? = 0
configure:20225: (gcc -c -Werror -Wunknown-warning-option  -pthread   conftest.c >&5) && (echo ==== >&5) && (gcc -o conftest -Werror -Wunknown-warning-option  -pthread    conftest.o -lz  >&5)
====
configure:20225: $? = 0
configure:20243: result: no
configure:20392: checking for joinable pthread attribute
configure:20410: gcc -o conftest  -pthread   conftest.c  -lz  >&5
configure:20410: $? = 0
configure:20418: result: PTHREAD_CREATE_JOINABLE
configure:20432: checking whether more special flags are required for pthreads
configure:20445: result: no
configure:20453: checking for PTHREAD_PRIO_INHERIT
configure:20469: gcc -o conftest  -pthread   conftest.c  -lz  >&5
configure:20469: $? = 0
configure:20478: result: yes
configure:20590: checking the location of hash_map
configure:20616: g++ -c  -g -std=c++11 -DNDEBUG  conftest.cpp >&5
configure:20616: $? = 0
configure:20638: g++ -c  -g -std=c++11 -DNDEBUG  conftest.cpp >&5
configure:20638: $? = 0
configure:20705: result: <unordered_map>
configure:20856: checking that generated files are newer than configure
configure:20862: result: done
configure:20925: creating ./config.status

## ---------------------- ##
## Running config.status. ##
## ---------------------- ##

This file was extended by Protocol Buffers config.status 3.13.0, which was
generated by GNU Autoconf 2.69.  Invocation command line was

  CONFIG_FILES    = 
  CONFIG_HEADERS  = 
  CONFIG_LINKS    = 
  CONFIG_COMMANDS = 
  $ ./config.status 

on yepingbaideMacBook-Pro.local

config.status:1227: creating Makefile
config.status:1227: creating src/Makefile
config.status:1227: creating benchmarks/Makefile
config.status:1227: creating conformance/Makefile
config.status:1227: creating protobuf.pc
config.status:1227: creating protobuf-lite.pc
config.status:1227: creating config.h
config.status:1456: executing depfiles commands
config.status:1533: cd src       && sed -e '/# am--include-marker/d' Makefile         | make -f - am--depfiles
config.status:1538: $? = 0
config.status:1533: cd benchmarks       && sed -e '/# am--include-marker/d' Makefile         | make -f - am--depfiles
config.status:1538: $? = 0
config.status:1533: cd conformance       && sed -e '/# am--include-marker/d' Makefile         | make -f - am--depfiles
config.status:1538: $? = 0
config.status:1456: executing libtool commands
configure:23406: === configuring in third_party/googletest (/Users/yep/code/project/learning/learn_cmake/src/service/thirdlib/protobuf-3.13.0/third_party/googletest)
configure:23469: running /bin/sh ./configure --disable-option-checking '--prefix=/usr/local/protobuf'  --cache-file=/dev/null --srcdir=.

## ---------------- ##
## Cache variables. ##
## ---------------- ##

ac_cv_build=x86_64-apple-darwin19.4.0
ac_cv_build_prog_CPP='gcc -E'
ac_cv_build_prog_CXXCPP='g++ -E'
ac_cv_build_prog_cc_g=yes
ac_cv_build_prog_cxx_g=yes
ac_cv_c_compiler_gnu=yes
ac_cv_cxx_compiler_gnu=yes
ac_cv_cxx_hash_map='<unordered_map>'
ac_cv_cxx_hash_map_class=unordered_map
ac_cv_cxx_hash_namespace=std
ac_cv_cxx_hash_set='<unordered_set>'
ac_cv_cxx_hash_set_class=unordered_set
ac_cv_env_CCC_set=
ac_cv_env_CCC_value=
ac_cv_env_CC_set=
ac_cv_env_CC_value=
ac_cv_env_CFLAGS_set=
ac_cv_env_CFLAGS_value=
ac_cv_env_CPPFLAGS_set=
ac_cv_env_CPPFLAGS_value=
ac_cv_env_CPP_set=
ac_cv_env_CPP_value=
ac_cv_env_CXXCPP_set=
ac_cv_env_CXXCPP_value=
ac_cv_env_CXXFLAGS_set=
ac_cv_env_CXXFLAGS_value=
ac_cv_env_CXX_set=
ac_cv_env_CXX_value=
ac_cv_env_DIST_LANG_set=
ac_cv_env_DIST_LANG_value=
ac_cv_env_LDFLAGS_set=
ac_cv_env_LDFLAGS_value=
ac_cv_env_LIBS_set=
ac_cv_env_LIBS_value=
ac_cv_env_LT_SYS_LIBRARY_PATH_set=
ac_cv_env_LT_SYS_LIBRARY_PATH_value=
ac_cv_env_OBJCFLAGS_set=
ac_cv_env_OBJCFLAGS_value=
ac_cv_env_OBJC_set=
ac_cv_env_OBJC_value=
ac_cv_env_build_alias_set=
ac_cv_env_build_alias_value=
ac_cv_env_host_alias_set=
ac_cv_env_host_alias_value=
ac_cv_env_target_alias_set=
ac_cv_env_target_alias_value=
ac_cv_func_ftruncate=yes
ac_cv_func_memcmp_working=yes
ac_cv_func_memset=yes
ac_cv_func_mkdir=yes
ac_cv_func_strchr=yes
ac_cv_func_strerror=yes
ac_cv_func_strtod=yes
ac_cv_func_strtol=yes
ac_cv_have_decl___SUNPRO_CC=no
ac_cv_header_dlfcn_h=yes
ac_cv_header_fcntl_h=yes
ac_cv_header_inttypes_h=yes
ac_cv_header_limits_h=yes
ac_cv_header_memory_h=yes
ac_cv_header_minix_config_h=no
ac_cv_header_stdc=yes
ac_cv_header_stdint_h=yes
ac_cv_header_stdlib_h=yes
ac_cv_header_string_h=yes
ac_cv_header_strings_h=yes
ac_cv_header_sys_stat_h=yes
ac_cv_header_sys_types_h=yes
ac_cv_header_unistd_h=yes
ac_cv_host=x86_64-apple-darwin19.4.0
ac_cv_objc_compiler_gnu=yes
ac_cv_objext=o
ac_cv_path_EGREP='/usr/bin/grep -E'
ac_cv_path_FGREP='/usr/bin/grep -F'
ac_cv_path_GREP=/usr/bin/grep
ac_cv_path_SED=/usr/bin/sed
ac_cv_path_install='/usr/bin/install -c'
ac_cv_path_lt_DD=/bin/dd
ac_cv_prog_AWK=awk
ac_cv_prog_CPP='gcc -E'
ac_cv_prog_CXXCPP='g++ -E'
ac_cv_prog_ac_ct_AR=ar
ac_cv_prog_ac_ct_CC=gcc
ac_cv_prog_ac_ct_CC_FOR_BUILD=gcc
ac_cv_prog_ac_ct_CXX=g++
ac_cv_prog_ac_ct_CXX_FOR_BUILD=g++
ac_cv_prog_ac_ct_DSYMUTIL=dsymutil
ac_cv_prog_ac_ct_LIPO=lipo
ac_cv_prog_ac_ct_NMEDIT=nmedit
ac_cv_prog_ac_ct_OBJC=gcc
ac_cv_prog_ac_ct_OBJDUMP=objdump
ac_cv_prog_ac_ct_OTOOL=otool
ac_cv_prog_ac_ct_RANLIB=ranlib
ac_cv_prog_ac_ct_STRIP=strip
ac_cv_prog_cc_c89=
ac_cv_prog_cc_g=yes
ac_cv_prog_cxx_g=yes
ac_cv_prog_make_make_set=yes
ac_cv_prog_objc_g=yes
ac_cv_safe_to_define___extensions__=yes
ac_cv_search_zlibVersion=-lz
ac_cv_target=x86_64-apple-darwin19.4.0
am_cv_CC_dependencies_compiler_type=gcc3
am_cv_CXX_dependencies_compiler_type=gcc3
am_cv_OBJC_dependencies_compiler_type=gcc3
am_cv_ar_interface=ar
am_cv_make_support_nested_variables=yes
am_cv_prog_cc_c_o=yes
am_cv_prog_tar_ustar=gnutar
ax_cv_PTHREAD_CLANG=yes
ax_cv_PTHREAD_CLANG_NO_WARN_FLAG=no
ax_cv_PTHREAD_JOINABLE_ATTR=PTHREAD_CREATE_JOINABLE
ax_cv_PTHREAD_PRIO_INHERIT=yes
ax_cv_PTHREAD_SPECIAL_FLAGS=no
ax_cv_cxx_compile_cxx11=yes
lt_cv_apple_cc_single_mod=yes
lt_cv_ar_at_file=no
lt_cv_deplibs_check_method=pass_all
lt_cv_file_magic_cmd='$MAGIC_CMD'
lt_cv_file_magic_test_file=
lt_cv_ld_exported_symbols_list=yes
lt_cv_ld_force_load=yes
lt_cv_ld_reload_flag=-r
lt_cv_nm_interface='BSD nm'
lt_cv_objdir=.libs
lt_cv_path_LD=/Library/Developer/CommandLineTools/usr/bin/ld
lt_cv_path_LDCXX=/Library/Developer/CommandLineTools/usr/bin/ld
lt_cv_path_NM='/usr/bin/nm -B'
lt_cv_path_mainfest_tool=no
lt_cv_prog_compiler_c_o=yes
lt_cv_prog_compiler_c_o_CXX=yes
lt_cv_prog_compiler_pic='-fno-common -DPIC'
lt_cv_prog_compiler_pic_CXX='-fno-common -DPIC'
lt_cv_prog_compiler_pic_works=yes
lt_cv_prog_compiler_pic_works_CXX=yes
lt_cv_prog_compiler_rtti_exceptions=yes
lt_cv_prog_compiler_static_works=no
lt_cv_prog_compiler_static_works_CXX=no
lt_cv_prog_gnu_ld=no
lt_cv_prog_gnu_ldcxx=no
lt_cv_sharedlib_from_linklib_cmd='printf %s\n'
lt_cv_sys_global_symbol_pipe='sed -n -e '\''s/^.*[	 ]\([BCDEGRST][BCDEGRST]*\)[	 ][	 ]*_\([_A-Za-z][_A-Za-z0-9]*\)$/\1 _\2 \2/p'\'' | sed '\''/ __gnu_lto/d'\'''
lt_cv_sys_global_symbol_to_c_name_address='sed -n -e '\''s/^: \(.*\) .*$/  {"\1", (void *) 0},/p'\'' -e '\''s/^[BCDEGRST][BCDEGRST]* .* \(.*\)$/  {"\1", (void *) \&\1},/p'\'''
lt_cv_sys_global_symbol_to_c_name_address_lib_prefix='sed -n -e '\''s/^: \(.*\) .*$/  {"\1", (void *) 0},/p'\'' -e '\''s/^[BCDEGRST][BCDEGRST]* .* \(lib.*\)$/  {"\1", (void *) \&\1},/p'\'' -e '\''s/^[BCDEGRST][BCDEGRST]* .* \(.*\)$/  {"lib\1", (void *) \&\1},/p'\'''
lt_cv_sys_global_symbol_to_cdecl='sed -n -e '\''s/^T .* \(.*\)$/extern int \1();/p'\'' -e '\''s/^[BCDEGRST][BCDEGRST]* .* \(.*\)$/extern char \1;/p'\'''
lt_cv_sys_global_symbol_to_import=
lt_cv_sys_max_cmd_len=196608
lt_cv_to_host_file_cmd=func_convert_file_noop
lt_cv_to_tool_file_cmd=func_convert_file_noop
lt_cv_truncate_bin='/bin/dd bs=4096 count=1'

## ----------------- ##
## Output variables. ##
## ----------------- ##

ACLOCAL='${SHELL} /Users/yep/code/project/learning/learn_cmake/src/service/thirdlib/protobuf-3.13.0/missing aclocal-1.16'
AMDEPBACKSLASH='\'
AMDEP_FALSE='#'
AMDEP_TRUE=''
AMTAR='$${TAR-tar}'
AM_BACKSLASH='\'
AM_DEFAULT_V='$(AM_DEFAULT_VERBOSITY)'
AM_DEFAULT_VERBOSITY='0'
AM_V='$(V)'
AR='ar'
AUTOCONF='${SHELL} /Users/yep/code/project/learning/learn_cmake/src/service/thirdlib/protobuf-3.13.0/missing autoconf'
AUTOHEADER='${SHELL} /Users/yep/code/project/learning/learn_cmake/src/service/thirdlib/protobuf-3.13.0/missing autoheader'
AUTOMAKE='${SHELL} /Users/yep/code/project/learning/learn_cmake/src/service/thirdlib/protobuf-3.13.0/missing automake-1.16'
AWK='awk'
BUILD_EXEEXT=''
BUILD_OBJEXT=''
CC='gcc'
CCDEPMODE='depmode=gcc3'
CC_FOR_BUILD='gcc'
CFLAGS=''
CFLAGS_FOR_BUILD='-g -O2'
CPP='gcc -E'
CPPFLAGS=''
CPPFLAGS_FOR_BUILD=''
CPP_FOR_BUILD='gcc -E'
CXX='g++'
CXXCPP='g++ -E'
CXXCPPFLAGS_FOR_BUILD=''
CXXCPP_FOR_BUILD='g++ -E'
CXXDEPMODE='depmode=gcc3'
CXXFLAGS=' -g -std=c++11 -DNDEBUG'
CXXFLAGS_FOR_BUILD='-g -O2'
CXX_FOR_BUILD='g++'
CYGPATH_W='echo'
DEFS='-DHAVE_CONFIG_H'
DEPDIR='.deps'
DIST_LANG='all'
DLLTOOL='false'
DSYMUTIL='dsymutil'
DUMPBIN=''
ECHO_C='\c'
ECHO_N=''
ECHO_T=''
EGREP='/usr/bin/grep -E'
EXEEXT=''
FGREP='/usr/bin/grep -F'
GCC_FALSE='#'
GCC_TRUE=''
GREP='/usr/bin/grep'
HAVE_CXX11='1'
HAVE_LD_VERSION_SCRIPT_FALSE=''
HAVE_LD_VERSION_SCRIPT_TRUE='#'
HAVE_PTHREAD_FALSE='#'
HAVE_PTHREAD_TRUE=''
HAVE_ZLIB_FALSE='#'
HAVE_ZLIB_TRUE=''
INSTALL_DATA='${INSTALL} -m 644'
INSTALL_PROGRAM='${INSTALL}'
INSTALL_SCRIPT='${INSTALL}'
INSTALL_STRIP_PROGRAM='$(install_sh) -c -s'
ISAINFO=''
LD='/Library/Developer/CommandLineTools/usr/bin/ld'
LDFLAGS=''
LDFLAGS_FOR_BUILD=''
LIBATOMIC_LIBS=''
LIBOBJS=''
LIBS='-lz '
LIBTOOL='$(SHELL) $(top_builddir)/libtool'
LIPO='lipo'
LN_S='ln -s'
LTLIBOBJS=''
LT_SYS_LIBRARY_PATH=''
MAINT=''
MAINTAINER_MODE_FALSE='#'
MAINTAINER_MODE_TRUE=''
MAKEINFO='${SHELL} /Users/yep/code/project/learning/learn_cmake/src/service/thirdlib/protobuf-3.13.0/missing makeinfo'
MANIFEST_TOOL=':'
MKDIR_P='./install-sh -c -d'
NM='/usr/bin/nm -B'
NMEDIT='nmedit'
OBJC='gcc'
OBJCDEPMODE='depmode=gcc3'
OBJCFLAGS='-g -O2'
OBJC_CONFORMANCE_TEST_FALSE='#'
OBJC_CONFORMANCE_TEST_TRUE=''
OBJDUMP='objdump'
OBJEXT='o'
OTOOL64=':'
OTOOL='otool'
PACKAGE='protobuf'
PACKAGE_BUGREPORT='protobuf@googlegroups.com'
PACKAGE_NAME='Protocol Buffers'
PACKAGE_STRING='Protocol Buffers 3.13.0'
PACKAGE_TARNAME='protobuf'
PACKAGE_URL=''
PACKAGE_VERSION='3.13.0'
PATH_SEPARATOR=':'
POW_LIB=''
PROTOBUF_OPT_FLAG='-O2'
PROTOC=''
PTHREAD_CC='gcc'
PTHREAD_CFLAGS='-pthread'
PTHREAD_LIBS=''
RANLIB='ranlib'
SED='/usr/bin/sed'
SET_MAKE=''
SHELL='/bin/sh'
STRIP='strip'
USE_EXTERNAL_PROTOC_FALSE=''
USE_EXTERNAL_PROTOC_TRUE='#'
VERSION='3.13.0'
ac_ct_AR='ar'
ac_ct_CC='gcc'
ac_ct_CC_FOR_BUILD='gcc'
ac_ct_CXX='g++'
ac_ct_CXX_FOR_BUILD='g++'
ac_ct_DUMPBIN=''
ac_ct_OBJC='gcc'
am__EXEEXT_FALSE=''
am__EXEEXT_TRUE='#'
am__fastdepCC_FALSE='#'
am__fastdepCC_TRUE=''
am__fastdepCXX_FALSE='#'
am__fastdepCXX_TRUE=''
am__fastdepOBJC_FALSE='#'
am__fastdepOBJC_TRUE=''
am__include='include'
am__isrc=''
am__leading_dot='.'
am__nodep='_no'
am__quote=''
am__tar='tar --format=ustar -chf - "$$tardir"'
am__untar='tar -xf -'
ax_pthread_config=''
bindir='${exec_prefix}/bin'
build='x86_64-apple-darwin19.4.0'
build_alias=''
build_cpu='x86_64'
build_os='darwin19.4.0'
build_vendor='apple'
datadir='${datarootdir}'
datarootdir='${prefix}/share'
docdir='${datarootdir}/doc/${PACKAGE_TARNAME}'
dvidir='${docdir}'
exec_prefix='${prefix}'
host='x86_64-apple-darwin19.4.0'
host_alias=''
host_cpu='x86_64'
host_os='darwin19.4.0'
host_vendor='apple'
htmldir='${docdir}'
includedir='${prefix}/include'
infodir='${datarootdir}/info'
install_sh='${SHELL} /Users/yep/code/project/learning/learn_cmake/src/service/thirdlib/protobuf-3.13.0/install-sh'
libdir='${exec_prefix}/lib'
libexecdir='${exec_prefix}/libexec'
localedir='${datarootdir}/locale'
localstatedir='${prefix}/var'
mandir='${datarootdir}/man'
mkdir_p='$(MKDIR_P)'
oldincludedir='/usr/include'
pdfdir='${docdir}'
prefix='/usr/local/protobuf'
program_transform_name='s,x,x,'
psdir='${docdir}'
runstatedir='${localstatedir}/run'
sbindir='${exec_prefix}/sbin'
sharedstatedir='${prefix}/com'
subdirs=' third_party/googletest'
sysconfdir='${prefix}/etc'
target='x86_64-apple-darwin19.4.0'
target_alias=''
target_cpu='x86_64'
target_os='darwin19.4.0'
target_vendor='apple'

## ----------- ##
## confdefs.h. ##
## ----------- ##

/* confdefs.h */
#define PACKAGE_NAME "Protocol Buffers"
#define PACKAGE_TARNAME "protobuf"
#define PACKAGE_VERSION "3.13.0"
#define PACKAGE_STRING "Protocol Buffers 3.13.0"
#define PACKAGE_BUGREPORT "protobuf@googlegroups.com"
#define PACKAGE_URL ""
#define PACKAGE "protobuf"
#define VERSION "3.13.0"
#define STDC_HEADERS 1
#define HAVE_SYS_TYPES_H 1
#define HAVE_SYS_STAT_H 1
#define HAVE_STDLIB_H 1
#define HAVE_STRING_H 1
#define HAVE_MEMORY_H 1
#define HAVE_STRINGS_H 1
#define HAVE_INTTYPES_H 1
#define HAVE_STDINT_H 1
#define HAVE_UNISTD_H 1
#define __EXTENSIONS__ 1
#define _ALL_SOURCE 1
#define _GNU_SOURCE 1
#define _POSIX_PTHREAD_SEMANTICS 1
#define _TANDEM_SOURCE 1
#define HAVE_DLFCN_H 1
#define LT_OBJDIR ".libs/"
#define STDC_HEADERS 1
#define HAVE_FCNTL_H 1
#define HAVE_INTTYPES_H 1
#define HAVE_LIMITS_H 1
#define HAVE_STDLIB_H 1
#define HAVE_UNISTD_H 1
#define HAVE_FTRUNCATE 1
#define HAVE_MEMSET 1
#define HAVE_MKDIR 1
#define HAVE_STRCHR 1
#define HAVE_STRERROR 1
#define HAVE_STRTOL 1
#define HAVE_ZLIB 1
#define HAVE_CXX11 1
#define HAVE_PTHREAD_PRIO_INHERIT 1
#define HAVE_PTHREAD 1
#define HAVE_HASH_MAP 1
#define HAVE_HASH_SET 1
#define HASH_MAP_H <unordered_map>
#define HASH_SET_H <unordered_set>
#define HASH_NAMESPACE std
#define HASH_MAP_CLASS unordered_map
#define HASH_SET_CLASS unordered_set

configure: exit 0
